{"/Users/enespyr/Desktop/Yazilim-Testi/src/controllers/category.controller.ts": {"path":"/Users/enespyr/Desktop/Yazilim-Testi/src/controllers/category.controller.ts","statementMap":{"0":{"start":{"line":2,"column":0},"end":{"line":2,"column":64}},"1":{"start":{"line":4,"column":30},"end":{"line":15,"column":1}},"2":{"start":{"line":5,"column":4},"end":{"line":14,"column":5}},"3":{"start":{"line":6,"column":25},"end":{"line":6,"column":71}},"4":{"start":{"line":7,"column":8},"end":{"line":7,"column":39}},"5":{"start":{"line":9,"column":8},"end":{"line":13,"column":9}},"6":{"start":{"line":10,"column":12},"end":{"line":10,"column":76}},"7":{"start":{"line":12,"column":12},"end":{"line":12,"column":59}},"8":{"start":{"line":4,"column":13},"end":{"line":4,"column":30}},"9":{"start":{"line":17,"column":32},"end":{"line":24,"column":1}},"10":{"start":{"line":18,"column":4},"end":{"line":23,"column":5}},"11":{"start":{"line":19,"column":27},"end":{"line":19,"column":67}},"12":{"start":{"line":20,"column":8},"end":{"line":20,"column":41}},"13":{"start":{"line":22,"column":8},"end":{"line":22,"column":55}},"14":{"start":{"line":17,"column":13},"end":{"line":17,"column":32}},"15":{"start":{"line":26,"column":31},"end":{"line":38,"column":1}},"16":{"start":{"line":27,"column":4},"end":{"line":37,"column":5}},"17":{"start":{"line":28,"column":19},"end":{"line":28,"column":52}},"18":{"start":{"line":29,"column":25},"end":{"line":29,"column":66}},"19":{"start":{"line":30,"column":8},"end":{"line":33,"column":9}},"20":{"start":{"line":31,"column":12},"end":{"line":31,"column":66}},"21":{"start":{"line":32,"column":12},"end":{"line":32,"column":19}},"22":{"start":{"line":34,"column":8},"end":{"line":34,"column":39}},"23":{"start":{"line":36,"column":8},"end":{"line":36,"column":55}},"24":{"start":{"line":26,"column":13},"end":{"line":26,"column":31}},"25":{"start":{"line":40,"column":30},"end":{"line":54,"column":1}},"26":{"start":{"line":41,"column":4},"end":{"line":53,"column":5}},"27":{"start":{"line":42,"column":19},"end":{"line":42,"column":52}},"28":{"start":{"line":43,"column":25},"end":{"line":43,"column":75}},"29":{"start":{"line":44,"column":8},"end":{"line":44,"column":39}},"30":{"start":{"line":46,"column":8},"end":{"line":52,"column":9}},"31":{"start":{"line":47,"column":12},"end":{"line":47,"column":76}},"32":{"start":{"line":48,"column":15},"end":{"line":52,"column":9}},"33":{"start":{"line":49,"column":12},"end":{"line":49,"column":66}},"34":{"start":{"line":51,"column":12},"end":{"line":51,"column":59}},"35":{"start":{"line":40,"column":13},"end":{"line":40,"column":30}},"36":{"start":{"line":56,"column":30},"end":{"line":68,"column":1}},"37":{"start":{"line":57,"column":4},"end":{"line":67,"column":5}},"38":{"start":{"line":58,"column":19},"end":{"line":58,"column":52}},"39":{"start":{"line":59,"column":8},"end":{"line":59,"column":49}},"40":{"start":{"line":60,"column":8},"end":{"line":60,"column":31}},"41":{"start":{"line":62,"column":8},"end":{"line":66,"column":9}},"42":{"start":{"line":63,"column":12},"end":{"line":63,"column":66}},"43":{"start":{"line":65,"column":12},"end":{"line":65,"column":59}},"44":{"start":{"line":56,"column":13},"end":{"line":56,"column":30}}},"fnMap":{"0":{"name":"(anonymous_9)","decl":{"start":{"line":4,"column":30},"end":{"line":4,"column":35}},"loc":{"start":{"line":4,"column":68},"end":{"line":15,"column":1}}},"1":{"name":"(anonymous_10)","decl":{"start":{"line":17,"column":32},"end":{"line":17,"column":37}},"loc":{"start":{"line":17,"column":70},"end":{"line":24,"column":1}}},"2":{"name":"(anonymous_11)","decl":{"start":{"line":26,"column":31},"end":{"line":26,"column":36}},"loc":{"start":{"line":26,"column":69},"end":{"line":38,"column":1}}},"3":{"name":"(anonymous_12)","decl":{"start":{"line":40,"column":30},"end":{"line":40,"column":35}},"loc":{"start":{"line":40,"column":68},"end":{"line":54,"column":1}}},"4":{"name":"(anonymous_13)","decl":{"start":{"line":56,"column":30},"end":{"line":56,"column":35}},"loc":{"start":{"line":56,"column":68},"end":{"line":68,"column":1}}}},"branchMap":{"0":{"loc":{"start":{"line":9,"column":8},"end":{"line":13,"column":9}},"type":"if","locations":[{"start":{"line":9,"column":8},"end":{"line":13,"column":9}},{"start":{"line":11,"column":15},"end":{"line":13,"column":9}}]},"1":{"loc":{"start":{"line":30,"column":8},"end":{"line":33,"column":9}},"type":"if","locations":[{"start":{"line":30,"column":8},"end":{"line":33,"column":9}},{"start":{},"end":{}}]},"2":{"loc":{"start":{"line":46,"column":8},"end":{"line":52,"column":9}},"type":"if","locations":[{"start":{"line":46,"column":8},"end":{"line":52,"column":9}},{"start":{"line":48,"column":15},"end":{"line":52,"column":9}}]},"3":{"loc":{"start":{"line":48,"column":15},"end":{"line":52,"column":9}},"type":"if","locations":[{"start":{"line":48,"column":15},"end":{"line":52,"column":9}},{"start":{"line":50,"column":15},"end":{"line":52,"column":9}}]},"4":{"loc":{"start":{"line":62,"column":8},"end":{"line":66,"column":9}},"type":"if","locations":[{"start":{"line":62,"column":8},"end":{"line":66,"column":9}},{"start":{"line":64,"column":15},"end":{"line":66,"column":9}}]}},"s":{"0":0,"1":0,"2":0,"3":0,"4":0,"5":0,"6":0,"7":0,"8":0,"9":0,"10":0,"11":0,"12":0,"13":0,"14":0,"15":0,"16":0,"17":0,"18":0,"19":0,"20":0,"21":0,"22":0,"23":0,"24":0,"25":0,"26":0,"27":0,"28":0,"29":0,"30":0,"31":0,"32":0,"33":0,"34":0,"35":0,"36":0,"37":0,"38":0,"39":0,"40":0,"41":0,"42":0,"43":0,"44":0},"f":{"0":0,"1":0,"2":0,"3":0,"4":0},"b":{"0":[0,0],"1":[0,0],"2":[0,0],"3":[0,0],"4":[0,0]}}
,"/Users/enespyr/Desktop/Yazilim-Testi/src/controllers/order.controller.ts": {"path":"/Users/enespyr/Desktop/Yazilim-Testi/src/controllers/order.controller.ts","statementMap":{"0":{"start":{"line":2,"column":0},"end":{"line":2,"column":58}},"1":{"start":{"line":4,"column":27},"end":{"line":19,"column":1}},"2":{"start":{"line":5,"column":4},"end":{"line":18,"column":5}},"3":{"start":{"line":6,"column":23},"end":{"line":6,"column":48}},"4":{"start":{"line":7,"column":22},"end":{"line":7,"column":36}},"5":{"start":{"line":9,"column":8},"end":{"line":12,"column":9}},"6":{"start":{"line":10,"column":12},"end":{"line":10,"column":78}},"7":{"start":{"line":11,"column":12},"end":{"line":11,"column":19}},"8":{"start":{"line":14,"column":22},"end":{"line":14,"column":67}},"9":{"start":{"line":15,"column":8},"end":{"line":15,"column":36}},"10":{"start":{"line":17,"column":8},"end":{"line":17,"column":55}},"11":{"start":{"line":4,"column":13},"end":{"line":4,"column":27}},"12":{"start":{"line":21,"column":28},"end":{"line":28,"column":1}},"13":{"start":{"line":22,"column":4},"end":{"line":27,"column":5}},"14":{"start":{"line":23,"column":23},"end":{"line":23,"column":56}},"15":{"start":{"line":24,"column":8},"end":{"line":24,"column":37}},"16":{"start":{"line":26,"column":8},"end":{"line":26,"column":55}},"17":{"start":{"line":21,"column":13},"end":{"line":21,"column":28}},"18":{"start":{"line":30,"column":28},"end":{"line":44,"column":1}},"19":{"start":{"line":31,"column":4},"end":{"line":43,"column":5}},"20":{"start":{"line":32,"column":19},"end":{"line":32,"column":52}},"21":{"start":{"line":33,"column":22},"end":{"line":33,"column":57}},"22":{"start":{"line":35,"column":8},"end":{"line":38,"column":9}},"23":{"start":{"line":36,"column":12},"end":{"line":36,"column":63}},"24":{"start":{"line":37,"column":12},"end":{"line":37,"column":19}},"25":{"start":{"line":40,"column":8},"end":{"line":40,"column":36}},"26":{"start":{"line":42,"column":8},"end":{"line":42,"column":55}},"27":{"start":{"line":30,"column":13},"end":{"line":30,"column":28}}},"fnMap":{"0":{"name":"(anonymous_9)","decl":{"start":{"line":4,"column":27},"end":{"line":4,"column":32}},"loc":{"start":{"line":4,"column":65},"end":{"line":19,"column":1}}},"1":{"name":"(anonymous_10)","decl":{"start":{"line":21,"column":28},"end":{"line":21,"column":33}},"loc":{"start":{"line":21,"column":66},"end":{"line":28,"column":1}}},"2":{"name":"(anonymous_11)","decl":{"start":{"line":30,"column":28},"end":{"line":30,"column":33}},"loc":{"start":{"line":30,"column":66},"end":{"line":44,"column":1}}}},"branchMap":{"0":{"loc":{"start":{"line":9,"column":8},"end":{"line":12,"column":9}},"type":"if","locations":[{"start":{"line":9,"column":8},"end":{"line":12,"column":9}},{"start":{},"end":{}}]},"1":{"loc":{"start":{"line":9,"column":12},"end":{"line":9,"column":51}},"type":"binary-expr","locations":[{"start":{"line":9,"column":12},"end":{"line":9,"column":19}},{"start":{"line":9,"column":23},"end":{"line":9,"column":29}},{"start":{"line":9,"column":33},"end":{"line":9,"column":51}}]},"2":{"loc":{"start":{"line":35,"column":8},"end":{"line":38,"column":9}},"type":"if","locations":[{"start":{"line":35,"column":8},"end":{"line":38,"column":9}},{"start":{},"end":{}}]}},"s":{"0":0,"1":0,"2":0,"3":0,"4":0,"5":0,"6":0,"7":0,"8":0,"9":0,"10":0,"11":0,"12":0,"13":0,"14":0,"15":0,"16":0,"17":0,"18":0,"19":0,"20":0,"21":0,"22":0,"23":0,"24":0,"25":0,"26":0,"27":0},"f":{"0":0,"1":0,"2":0},"b":{"0":[0,0],"1":[0,0,0],"2":[0,0]}}
,"/Users/enespyr/Desktop/Yazilim-Testi/src/controllers/product.controller.ts": {"path":"/Users/enespyr/Desktop/Yazilim-Testi/src/controllers/product.controller.ts","statementMap":{"0":{"start":{"line":2,"column":0},"end":{"line":2,"column":62}},"1":{"start":{"line":4,"column":29},"end":{"line":11,"column":1}},"2":{"start":{"line":5,"column":4},"end":{"line":10,"column":5}},"3":{"start":{"line":6,"column":24},"end":{"line":6,"column":68}},"4":{"start":{"line":7,"column":8},"end":{"line":7,"column":38}},"5":{"start":{"line":9,"column":8},"end":{"line":9,"column":55}},"6":{"start":{"line":4,"column":13},"end":{"line":4,"column":29}},"7":{"start":{"line":13,"column":30},"end":{"line":20,"column":1}},"8":{"start":{"line":14,"column":4},"end":{"line":19,"column":5}},"9":{"start":{"line":15,"column":25},"end":{"line":15,"column":62}},"10":{"start":{"line":16,"column":8},"end":{"line":16,"column":39}},"11":{"start":{"line":18,"column":8},"end":{"line":18,"column":55}},"12":{"start":{"line":13,"column":13},"end":{"line":13,"column":30}},"13":{"start":{"line":22,"column":30},"end":{"line":34,"column":1}},"14":{"start":{"line":23,"column":4},"end":{"line":33,"column":5}},"15":{"start":{"line":24,"column":19},"end":{"line":24,"column":52}},"16":{"start":{"line":25,"column":24},"end":{"line":25,"column":63}},"17":{"start":{"line":26,"column":8},"end":{"line":29,"column":9}},"18":{"start":{"line":27,"column":12},"end":{"line":27,"column":65}},"19":{"start":{"line":28,"column":12},"end":{"line":28,"column":19}},"20":{"start":{"line":30,"column":8},"end":{"line":30,"column":38}},"21":{"start":{"line":32,"column":8},"end":{"line":32,"column":55}},"22":{"start":{"line":22,"column":13},"end":{"line":22,"column":30}},"23":{"start":{"line":36,"column":29},"end":{"line":48,"column":1}},"24":{"start":{"line":37,"column":4},"end":{"line":47,"column":5}},"25":{"start":{"line":38,"column":19},"end":{"line":38,"column":52}},"26":{"start":{"line":39,"column":24},"end":{"line":39,"column":72}},"27":{"start":{"line":40,"column":8},"end":{"line":40,"column":38}},"28":{"start":{"line":42,"column":8},"end":{"line":46,"column":9}},"29":{"start":{"line":43,"column":12},"end":{"line":43,"column":65}},"30":{"start":{"line":45,"column":12},"end":{"line":45,"column":59}},"31":{"start":{"line":36,"column":13},"end":{"line":36,"column":29}},"32":{"start":{"line":50,"column":29},"end":{"line":62,"column":1}},"33":{"start":{"line":51,"column":4},"end":{"line":61,"column":5}},"34":{"start":{"line":52,"column":19},"end":{"line":52,"column":52}},"35":{"start":{"line":53,"column":8},"end":{"line":53,"column":47}},"36":{"start":{"line":54,"column":8},"end":{"line":54,"column":31}},"37":{"start":{"line":56,"column":8},"end":{"line":60,"column":9}},"38":{"start":{"line":57,"column":12},"end":{"line":57,"column":65}},"39":{"start":{"line":59,"column":12},"end":{"line":59,"column":59}},"40":{"start":{"line":50,"column":13},"end":{"line":50,"column":29}}},"fnMap":{"0":{"name":"(anonymous_9)","decl":{"start":{"line":4,"column":29},"end":{"line":4,"column":34}},"loc":{"start":{"line":4,"column":67},"end":{"line":11,"column":1}}},"1":{"name":"(anonymous_10)","decl":{"start":{"line":13,"column":30},"end":{"line":13,"column":35}},"loc":{"start":{"line":13,"column":68},"end":{"line":20,"column":1}}},"2":{"name":"(anonymous_11)","decl":{"start":{"line":22,"column":30},"end":{"line":22,"column":35}},"loc":{"start":{"line":22,"column":68},"end":{"line":34,"column":1}}},"3":{"name":"(anonymous_12)","decl":{"start":{"line":36,"column":29},"end":{"line":36,"column":34}},"loc":{"start":{"line":36,"column":67},"end":{"line":48,"column":1}}},"4":{"name":"(anonymous_13)","decl":{"start":{"line":50,"column":29},"end":{"line":50,"column":34}},"loc":{"start":{"line":50,"column":67},"end":{"line":62,"column":1}}}},"branchMap":{"0":{"loc":{"start":{"line":26,"column":8},"end":{"line":29,"column":9}},"type":"if","locations":[{"start":{"line":26,"column":8},"end":{"line":29,"column":9}},{"start":{},"end":{}}]},"1":{"loc":{"start":{"line":42,"column":8},"end":{"line":46,"column":9}},"type":"if","locations":[{"start":{"line":42,"column":8},"end":{"line":46,"column":9}},{"start":{"line":44,"column":15},"end":{"line":46,"column":9}}]},"2":{"loc":{"start":{"line":56,"column":8},"end":{"line":60,"column":9}},"type":"if","locations":[{"start":{"line":56,"column":8},"end":{"line":60,"column":9}},{"start":{"line":58,"column":15},"end":{"line":60,"column":9}}]}},"s":{"0":0,"1":0,"2":0,"3":0,"4":0,"5":0,"6":0,"7":0,"8":0,"9":0,"10":0,"11":0,"12":0,"13":0,"14":0,"15":0,"16":0,"17":0,"18":0,"19":0,"20":0,"21":0,"22":0,"23":0,"24":0,"25":0,"26":0,"27":0,"28":0,"29":0,"30":0,"31":0,"32":0,"33":0,"34":0,"35":0,"36":0,"37":0,"38":0,"39":0,"40":0},"f":{"0":0,"1":0,"2":0,"3":0,"4":0},"b":{"0":[0,0],"1":[0,0],"2":[0,0]}}
,"/Users/enespyr/Desktop/Yazilim-Testi/src/controllers/review.controller.ts": {"path":"/Users/enespyr/Desktop/Yazilim-Testi/src/controllers/review.controller.ts","statementMap":{"0":{"start":{"line":2,"column":0},"end":{"line":2,"column":60}},"1":{"start":{"line":4,"column":28},"end":{"line":11,"column":1}},"2":{"start":{"line":5,"column":4},"end":{"line":10,"column":5}},"3":{"start":{"line":6,"column":23},"end":{"line":6,"column":65}},"4":{"start":{"line":7,"column":8},"end":{"line":7,"column":37}},"5":{"start":{"line":9,"column":8},"end":{"line":9,"column":55}},"6":{"start":{"line":4,"column":13},"end":{"line":4,"column":28}},"7":{"start":{"line":13,"column":37},"end":{"line":21,"column":1}},"8":{"start":{"line":14,"column":4},"end":{"line":20,"column":5}},"9":{"start":{"line":15,"column":26},"end":{"line":15,"column":66}},"10":{"start":{"line":16,"column":24},"end":{"line":16,"column":76}},"11":{"start":{"line":17,"column":8},"end":{"line":17,"column":38}},"12":{"start":{"line":19,"column":8},"end":{"line":19,"column":55}},"13":{"start":{"line":13,"column":13},"end":{"line":13,"column":37}},"14":{"start":{"line":23,"column":28},"end":{"line":35,"column":1}},"15":{"start":{"line":24,"column":4},"end":{"line":34,"column":5}},"16":{"start":{"line":25,"column":19},"end":{"line":25,"column":52}},"17":{"start":{"line":26,"column":8},"end":{"line":26,"column":45}},"18":{"start":{"line":27,"column":8},"end":{"line":27,"column":31}},"19":{"start":{"line":29,"column":8},"end":{"line":33,"column":9}},"20":{"start":{"line":30,"column":12},"end":{"line":30,"column":64}},"21":{"start":{"line":32,"column":12},"end":{"line":32,"column":59}},"22":{"start":{"line":23,"column":13},"end":{"line":23,"column":28}}},"fnMap":{"0":{"name":"(anonymous_9)","decl":{"start":{"line":4,"column":28},"end":{"line":4,"column":33}},"loc":{"start":{"line":4,"column":66},"end":{"line":11,"column":1}}},"1":{"name":"(anonymous_10)","decl":{"start":{"line":13,"column":37},"end":{"line":13,"column":42}},"loc":{"start":{"line":13,"column":75},"end":{"line":21,"column":1}}},"2":{"name":"(anonymous_11)","decl":{"start":{"line":23,"column":28},"end":{"line":23,"column":33}},"loc":{"start":{"line":23,"column":66},"end":{"line":35,"column":1}}}},"branchMap":{"0":{"loc":{"start":{"line":29,"column":8},"end":{"line":33,"column":9}},"type":"if","locations":[{"start":{"line":29,"column":8},"end":{"line":33,"column":9}},{"start":{"line":31,"column":15},"end":{"line":33,"column":9}}]}},"s":{"0":0,"1":0,"2":0,"3":0,"4":0,"5":0,"6":0,"7":0,"8":0,"9":0,"10":0,"11":0,"12":0,"13":0,"14":0,"15":0,"16":0,"17":0,"18":0,"19":0,"20":0,"21":0,"22":0},"f":{"0":0,"1":0,"2":0},"b":{"0":[0,0]}}
,"/Users/enespyr/Desktop/Yazilim-Testi/src/services/category.service.ts": {"path":"/Users/enespyr/Desktop/Yazilim-Testi/src/services/category.service.ts","statementMap":{"0":{"start":{"line":1,"column":0},"end":{"line":1,"column":64}},"1":{"start":{"line":3,"column":15},"end":{"line":3,"column":33}},"2":{"start":{"line":5,"column":30},"end":{"line":7,"column":1}},"3":{"start":{"line":6,"column":4},"end":{"line":6,"column":44}},"4":{"start":{"line":5,"column":13},"end":{"line":5,"column":30}},"5":{"start":{"line":9,"column":32},"end":{"line":11,"column":1}},"6":{"start":{"line":10,"column":4},"end":{"line":10,"column":69}},"7":{"start":{"line":9,"column":13},"end":{"line":9,"column":32}},"8":{"start":{"line":13,"column":31},"end":{"line":15,"column":1}},"9":{"start":{"line":14,"column":4},"end":{"line":14,"column":86}},"10":{"start":{"line":13,"column":13},"end":{"line":13,"column":31}},"11":{"start":{"line":17,"column":30},"end":{"line":19,"column":1}},"12":{"start":{"line":18,"column":4},"end":{"line":18,"column":59}},"13":{"start":{"line":17,"column":13},"end":{"line":17,"column":30}},"14":{"start":{"line":21,"column":30},"end":{"line":23,"column":1}},"15":{"start":{"line":22,"column":4},"end":{"line":22,"column":53}},"16":{"start":{"line":21,"column":13},"end":{"line":21,"column":30}}},"fnMap":{"0":{"name":"(anonymous_0)","decl":{"start":{"line":5,"column":30},"end":{"line":5,"column":35}},"loc":{"start":{"line":5,"column":92},"end":{"line":7,"column":1}}},"1":{"name":"(anonymous_1)","decl":{"start":{"line":9,"column":32},"end":{"line":9,"column":37}},"loc":{"start":{"line":9,"column":64},"end":{"line":11,"column":1}}},"2":{"name":"(anonymous_2)","decl":{"start":{"line":13,"column":31},"end":{"line":13,"column":36}},"loc":{"start":{"line":13,"column":78},"end":{"line":15,"column":1}}},"3":{"name":"(anonymous_3)","decl":{"start":{"line":17,"column":30},"end":{"line":17,"column":35}},"loc":{"start":{"line":17,"column":104},"end":{"line":19,"column":1}}},"4":{"name":"(anonymous_4)","decl":{"start":{"line":21,"column":30},"end":{"line":21,"column":35}},"loc":{"start":{"line":21,"column":70},"end":{"line":23,"column":1}}}},"branchMap":{},"s":{"0":1,"1":1,"2":1,"3":1,"4":1,"5":1,"6":1,"7":1,"8":1,"9":1,"10":1,"11":1,"12":1,"13":1,"14":1,"15":1,"16":1},"f":{"0":1,"1":1,"2":1,"3":1,"4":1},"b":{}}
,"/Users/enespyr/Desktop/Yazilim-Testi/src/services/order.service.ts": {"path":"/Users/enespyr/Desktop/Yazilim-Testi/src/services/order.service.ts","statementMap":{"0":{"start":{"line":1,"column":0},"end":{"line":1,"column":61}},"1":{"start":{"line":3,"column":15},"end":{"line":3,"column":33}},"2":{"start":{"line":6,"column":27},"end":{"line":58,"column":1}},"3":{"start":{"line":8,"column":16},"end":{"line":8,"column":17}},"4":{"start":{"line":9,"column":93},"end":{"line":9,"column":95}},"5":{"start":{"line":11,"column":4},"end":{"line":26,"column":5}},"6":{"start":{"line":12,"column":24},"end":{"line":12,"column":90}},"7":{"start":{"line":13,"column":8},"end":{"line":15,"column":9}},"8":{"start":{"line":14,"column":12},"end":{"line":14,"column":75}},"9":{"start":{"line":16,"column":8},"end":{"line":18,"column":9}},"10":{"start":{"line":17,"column":12},"end":{"line":17,"column":78}},"11":{"start":{"line":20,"column":8},"end":{"line":20,"column":55}},"12":{"start":{"line":21,"column":8},"end":{"line":25,"column":11}},"13":{"start":{"line":29,"column":4},"end":{"line":57,"column":7}},"14":{"start":{"line":31,"column":8},"end":{"line":36,"column":9}},"15":{"start":{"line":32,"column":12},"end":{"line":35,"column":15}},"16":{"start":{"line":39,"column":22},"end":{"line":54,"column":10}},"17":{"start":{"line":56,"column":8},"end":{"line":56,"column":21}},"18":{"start":{"line":6,"column":13},"end":{"line":6,"column":27}},"19":{"start":{"line":61,"column":28},"end":{"line":72,"column":1}},"20":{"start":{"line":62,"column":4},"end":{"line":71,"column":7}},"21":{"start":{"line":61,"column":13},"end":{"line":61,"column":28}},"22":{"start":{"line":75,"column":28},"end":{"line":87,"column":1}},"23":{"start":{"line":76,"column":4},"end":{"line":86,"column":7}},"24":{"start":{"line":75,"column":13},"end":{"line":75,"column":28}},"25":{"start":{"line":90,"column":33},"end":{"line":99,"column":1}},"26":{"start":{"line":91,"column":4},"end":{"line":98,"column":7}},"27":{"start":{"line":90,"column":13},"end":{"line":90,"column":33}}},"fnMap":{"0":{"name":"(anonymous_0)","decl":{"start":{"line":6,"column":27},"end":{"line":6,"column":32}},"loc":{"start":{"line":6,"column":102},"end":{"line":58,"column":1}}},"1":{"name":"(anonymous_1)","decl":{"start":{"line":29,"column":37},"end":{"line":29,"column":42}},"loc":{"start":{"line":29,"column":50},"end":{"line":57,"column":5}}},"2":{"name":"(anonymous_2)","decl":{"start":{"line":61,"column":28},"end":{"line":61,"column":33}},"loc":{"start":{"line":61,"column":57},"end":{"line":72,"column":1}}},"3":{"name":"(anonymous_3)","decl":{"start":{"line":75,"column":28},"end":{"line":75,"column":33}},"loc":{"start":{"line":75,"column":72},"end":{"line":87,"column":1}}},"4":{"name":"(anonymous_4)","decl":{"start":{"line":90,"column":33},"end":{"line":90,"column":38}},"loc":{"start":{"line":90,"column":76},"end":{"line":99,"column":1}}}},"branchMap":{"0":{"loc":{"start":{"line":13,"column":8},"end":{"line":15,"column":9}},"type":"if","locations":[{"start":{"line":13,"column":8},"end":{"line":15,"column":9}},{"start":{},"end":{}}]},"1":{"loc":{"start":{"line":16,"column":8},"end":{"line":18,"column":9}},"type":"if","locations":[{"start":{"line":16,"column":8},"end":{"line":18,"column":9}},{"start":{},"end":{}}]}},"s":{"0":1,"1":1,"2":1,"3":0,"4":0,"5":0,"6":0,"7":0,"8":0,"9":0,"10":0,"11":0,"12":0,"13":0,"14":0,"15":0,"16":0,"17":0,"18":1,"19":1,"20":0,"21":1,"22":1,"23":0,"24":1,"25":1,"26":0,"27":1},"f":{"0":0,"1":0,"2":0,"3":0,"4":0},"b":{"0":[0,0],"1":[0,0]}}
,"/Users/enespyr/Desktop/Yazilim-Testi/src/services/product.service.ts": {"path":"/Users/enespyr/Desktop/Yazilim-Testi/src/services/product.service.ts","statementMap":{"0":{"start":{"line":1,"column":0},"end":{"line":1,"column":63}},"1":{"start":{"line":3,"column":15},"end":{"line":3,"column":33}},"2":{"start":{"line":5,"column":29},"end":{"line":7,"column":1}},"3":{"start":{"line":6,"column":4},"end":{"line":6,"column":43}},"4":{"start":{"line":5,"column":13},"end":{"line":5,"column":29}},"5":{"start":{"line":9,"column":30},"end":{"line":11,"column":1}},"6":{"start":{"line":10,"column":4},"end":{"line":10,"column":70}},"7":{"start":{"line":9,"column":13},"end":{"line":9,"column":30}},"8":{"start":{"line":13,"column":30},"end":{"line":15,"column":1}},"9":{"start":{"line":14,"column":4},"end":{"line":14,"column":87}},"10":{"start":{"line":13,"column":13},"end":{"line":13,"column":30}},"11":{"start":{"line":17,"column":29},"end":{"line":19,"column":1}},"12":{"start":{"line":18,"column":4},"end":{"line":18,"column":58}},"13":{"start":{"line":17,"column":13},"end":{"line":17,"column":29}},"14":{"start":{"line":21,"column":29},"end":{"line":23,"column":1}},"15":{"start":{"line":22,"column":4},"end":{"line":22,"column":52}},"16":{"start":{"line":21,"column":13},"end":{"line":21,"column":29}}},"fnMap":{"0":{"name":"(anonymous_0)","decl":{"start":{"line":5,"column":29},"end":{"line":5,"column":34}},"loc":{"start":{"line":5,"column":89},"end":{"line":7,"column":1}}},"1":{"name":"(anonymous_1)","decl":{"start":{"line":9,"column":30},"end":{"line":9,"column":35}},"loc":{"start":{"line":9,"column":61},"end":{"line":11,"column":1}}},"2":{"name":"(anonymous_2)","decl":{"start":{"line":13,"column":30},"end":{"line":13,"column":35}},"loc":{"start":{"line":13,"column":76},"end":{"line":15,"column":1}}},"3":{"name":"(anonymous_3)","decl":{"start":{"line":17,"column":29},"end":{"line":17,"column":34}},"loc":{"start":{"line":17,"column":101},"end":{"line":19,"column":1}}},"4":{"name":"(anonymous_4)","decl":{"start":{"line":21,"column":29},"end":{"line":21,"column":34}},"loc":{"start":{"line":21,"column":68},"end":{"line":23,"column":1}}}},"branchMap":{},"s":{"0":1,"1":1,"2":1,"3":1,"4":1,"5":1,"6":1,"7":1,"8":1,"9":1,"10":1,"11":1,"12":1,"13":1,"14":1,"15":1,"16":1},"f":{"0":1,"1":1,"2":1,"3":1,"4":1},"b":{}}
,"/Users/enespyr/Desktop/Yazilim-Testi/src/services/review.service.ts": {"path":"/Users/enespyr/Desktop/Yazilim-Testi/src/services/review.service.ts","statementMap":{"0":{"start":{"line":1,"column":0},"end":{"line":1,"column":62}},"1":{"start":{"line":3,"column":15},"end":{"line":3,"column":33}},"2":{"start":{"line":5,"column":28},"end":{"line":7,"column":1}},"3":{"start":{"line":6,"column":4},"end":{"line":6,"column":42}},"4":{"start":{"line":5,"column":13},"end":{"line":5,"column":28}},"5":{"start":{"line":9,"column":37},"end":{"line":18,"column":1}},"6":{"start":{"line":10,"column":4},"end":{"line":17,"column":7}},"7":{"start":{"line":9,"column":13},"end":{"line":9,"column":37}},"8":{"start":{"line":20,"column":28},"end":{"line":22,"column":1}},"9":{"start":{"line":21,"column":4},"end":{"line":21,"column":51}},"10":{"start":{"line":20,"column":13},"end":{"line":20,"column":28}}},"fnMap":{"0":{"name":"(anonymous_0)","decl":{"start":{"line":5,"column":28},"end":{"line":5,"column":33}},"loc":{"start":{"line":5,"column":86},"end":{"line":7,"column":1}}},"1":{"name":"(anonymous_1)","decl":{"start":{"line":9,"column":37},"end":{"line":9,"column":42}},"loc":{"start":{"line":9,"column":84},"end":{"line":18,"column":1}}},"2":{"name":"(anonymous_2)","decl":{"start":{"line":20,"column":28},"end":{"line":20,"column":33}},"loc":{"start":{"line":20,"column":66},"end":{"line":22,"column":1}}}},"branchMap":{},"s":{"0":1,"1":1,"2":1,"3":1,"4":1,"5":1,"6":1,"7":1,"8":1,"9":1,"10":1},"f":{"0":1,"1":1,"2":1},"b":{}}
,"/Users/enespyr/Desktop/Yazilim-Testi/src/services/user.service.ts": {"path":"/Users/enespyr/Desktop/Yazilim-Testi/src/services/user.service.ts","statementMap":{"0":{"start":{"line":1,"column":0},"end":{"line":1,"column":60}},"1":{"start":{"line":3,"column":15},"end":{"line":3,"column":33}},"2":{"start":{"line":5,"column":26},"end":{"line":7,"column":1}},"3":{"start":{"line":6,"column":4},"end":{"line":6,"column":40}},"4":{"start":{"line":5,"column":13},"end":{"line":5,"column":26}},"5":{"start":{"line":9,"column":27},"end":{"line":11,"column":1}},"6":{"start":{"line":10,"column":4},"end":{"line":10,"column":34}},"7":{"start":{"line":9,"column":13},"end":{"line":9,"column":27}},"8":{"start":{"line":13,"column":27},"end":{"line":15,"column":1}},"9":{"start":{"line":14,"column":4},"end":{"line":14,"column":53}},"10":{"start":{"line":13,"column":13},"end":{"line":13,"column":27}},"11":{"start":{"line":17,"column":30},"end":{"line":19,"column":1}},"12":{"start":{"line":18,"column":4},"end":{"line":18,"column":56}},"13":{"start":{"line":17,"column":13},"end":{"line":17,"column":30}}},"fnMap":{"0":{"name":"(anonymous_0)","decl":{"start":{"line":5,"column":26},"end":{"line":5,"column":31}},"loc":{"start":{"line":5,"column":80},"end":{"line":7,"column":1}}},"1":{"name":"(anonymous_1)","decl":{"start":{"line":9,"column":27},"end":{"line":9,"column":32}},"loc":{"start":{"line":9,"column":55},"end":{"line":11,"column":1}}},"2":{"name":"(anonymous_2)","decl":{"start":{"line":13,"column":27},"end":{"line":13,"column":32}},"loc":{"start":{"line":13,"column":70},"end":{"line":15,"column":1}}},"3":{"name":"(anonymous_3)","decl":{"start":{"line":17,"column":30},"end":{"line":17,"column":35}},"loc":{"start":{"line":17,"column":76},"end":{"line":19,"column":1}}}},"branchMap":{},"s":{"0":1,"1":1,"2":1,"3":1,"4":1,"5":1,"6":1,"7":1,"8":1,"9":2,"10":1,"11":1,"12":1,"13":1},"f":{"0":1,"1":1,"2":2,"3":1},"b":{}}
}
